  [1m[35m (0.1ms)[0m  [1m[34mSELECT sqlite_version(*)[0m
  ↳ bin/rails:9
  [1m[35m (108.8ms)[0m  [1m[35mCREATE TABLE "schema_migrations" ("version" varchar NOT NULL PRIMARY KEY)[0m
  ↳ bin/rails:9
  [1m[35m (90.4ms)[0m  [1m[35mCREATE TABLE "ar_internal_metadata" ("key" varchar NOT NULL PRIMARY KEY, "value" varchar, "created_at" datetime NOT NULL, "updated_at" datetime NOT NULL)[0m
  ↳ bin/rails:9
  [1m[35m (0.1ms)[0m  [1m[34mSELECT "schema_migrations"."version" FROM "schema_migrations" ORDER BY "schema_migrations"."version" ASC[0m
  ↳ bin/rails:9
Migrating to CreateProducts (20180522084622)
  [1m[35m (0.0ms)[0m  [1m[36mbegin transaction[0m
  ↳ bin/rails:9
  [1m[35m (0.2ms)[0m  [1m[35mCREATE TABLE "products" ("id" integer PRIMARY KEY AUTOINCREMENT NOT NULL, "title" varchar, "description" text, "image_url" varchar, "price" decimal, "created_at" datetime NOT NULL, "updated_at" datetime NOT NULL)[0m
  ↳ db/migrate/20180522084622_create_products.rb:3
  [1m[36mActiveRecord::SchemaMigration Create (0.1ms)[0m  [1m[32mINSERT INTO "schema_migrations" ("version") VALUES (?)[0m  [["version", "20180522084622"]]
  ↳ bin/rails:9
  [1m[35m (88.4ms)[0m  [1m[36mcommit transaction[0m
  ↳ bin/rails:9
  [1m[36mActiveRecord::InternalMetadata Load (0.1ms)[0m  [1m[34mSELECT  "ar_internal_metadata".* FROM "ar_internal_metadata" WHERE "ar_internal_metadata"."key" = ? LIMIT ?[0m  [["key", "environment"], ["LIMIT", 1]]
  ↳ bin/rails:9
  [1m[35m (0.0ms)[0m  [1m[36mbegin transaction[0m
  ↳ bin/rails:9
  [1m[36mActiveRecord::InternalMetadata Create (0.2ms)[0m  [1m[32mINSERT INTO "ar_internal_metadata" ("key", "value", "created_at", "updated_at") VALUES (?, ?, ?, ?)[0m  [["key", "environment"], ["value", "development"], ["created_at", "2018-05-23 11:02:11.307746"], ["updated_at", "2018-05-23 11:02:11.307746"]]
  ↳ bin/rails:9
  [1m[35m (64.3ms)[0m  [1m[36mcommit transaction[0m
  ↳ bin/rails:9
  [1m[35m (1.5ms)[0m  [1m[34mSELECT "schema_migrations"."version" FROM "schema_migrations" ORDER BY "schema_migrations"."version" ASC[0m
  ↳ bin/rails:9
Started GET "/" for 127.0.0.1 at 2018-05-23 18:02:18 +0700
  [1m[35m (0.3ms)[0m  [1m[34mSELECT "schema_migrations"."version" FROM "schema_migrations" ORDER BY "schema_migrations"."version" ASC[0m
  ↳ /usr/share/rvm/gems/ruby-2.4.1/gems/activerecord-5.2.0/lib/active_record/log_subscriber.rb:98
Processing by Rails::WelcomeController#index as HTML
  Rendering /usr/share/rvm/gems/ruby-2.4.1/gems/railties-5.2.0/lib/rails/templates/rails/welcome/index.html.erb
  Rendered /usr/share/rvm/gems/ruby-2.4.1/gems/railties-5.2.0/lib/rails/templates/rails/welcome/index.html.erb (2.7ms)
Completed 200 OK in 10ms (Views: 5.2ms | ActiveRecord: 0.0ms)


  [1m[35m (0.1ms)[0m  [1m[34mSELECT "schema_migrations"."version" FROM "schema_migrations" ORDER BY "schema_migrations"."version" ASC[0m
  ↳ bin/rails:9
Migrating to CreateCarts (20180523084742)
  [1m[35m (0.0ms)[0m  [1m[36mbegin transaction[0m
  ↳ bin/rails:9
  [1m[35m (0.0ms)[0m  [1m[34mSELECT sqlite_version(*)[0m
  ↳ db/migrate/20180523084742_create_carts.rb:3
  [1m[35m (0.2ms)[0m  [1m[35mCREATE TABLE "carts" ("id" integer PRIMARY KEY AUTOINCREMENT NOT NULL, "created_at" datetime NOT NULL, "updated_at" datetime NOT NULL)[0m
  ↳ db/migrate/20180523084742_create_carts.rb:3
  [1m[36mActiveRecord::SchemaMigration Create (0.1ms)[0m  [1m[32mINSERT INTO "schema_migrations" ("version") VALUES (?)[0m  [["version", "20180523084742"]]
  ↳ bin/rails:9
  [1m[35m (86.9ms)[0m  [1m[36mcommit transaction[0m
  ↳ bin/rails:9
Migrating to CreateLineItems (20180523085718)
  [1m[35m (0.1ms)[0m  [1m[36mbegin transaction[0m
  ↳ bin/rails:9
  [1m[35m (0.7ms)[0m  [1m[35mCREATE TABLE "line_items" ("id" integer PRIMARY KEY AUTOINCREMENT NOT NULL, "product_id" integer, "cart_id" integer, "created_at" datetime NOT NULL, "updated_at" datetime NOT NULL, CONSTRAINT "fk_rails_11e15d5c6b"
FOREIGN KEY ("product_id")
  REFERENCES "products" ("id")
, CONSTRAINT "fk_rails_af645e8e5f"
FOREIGN KEY ("cart_id")
  REFERENCES "carts" ("id")
)[0m
  ↳ db/migrate/20180523085718_create_line_items.rb:3
  [1m[35m (0.4ms)[0m  [1m[35mCREATE  INDEX "index_line_items_on_product_id" ON "line_items" ("product_id")[0m
  ↳ db/migrate/20180523085718_create_line_items.rb:3
  [1m[35m (0.3ms)[0m  [1m[35mCREATE  INDEX "index_line_items_on_cart_id" ON "line_items" ("cart_id")[0m
  ↳ db/migrate/20180523085718_create_line_items.rb:3
  [1m[36mActiveRecord::SchemaMigration Create (0.3ms)[0m  [1m[32mINSERT INTO "schema_migrations" ("version") VALUES (?)[0m  [["version", "20180523085718"]]
  ↳ bin/rails:9
  [1m[35m (88.5ms)[0m  [1m[36mcommit transaction[0m
  ↳ bin/rails:9
Migrating to AddQuantityToLine (20180523100302)
  [1m[35m (0.1ms)[0m  [1m[36mbegin transaction[0m
  ↳ bin/rails:9
  [1m[35m (0.8ms)[0m  [1m[35mALTER TABLE "line_items" ADD "quantity" integer DEFAULT 1[0m
  ↳ db/migrate/20180523100302_add_quantity_to_line.rb:3
  [1m[36mActiveRecord::SchemaMigration Create (0.3ms)[0m  [1m[32mINSERT INTO "schema_migrations" ("version") VALUES (?)[0m  [["version", "20180523100302"]]
  ↳ bin/rails:9
  [1m[35m (60.5ms)[0m  [1m[36mcommit transaction[0m
  ↳ bin/rails:9
Migrating to CombineItemsInCart (20180523101402)
  [1m[35m (0.2ms)[0m  [1m[36mbegin transaction[0m
  ↳ bin/rails:9
  [1m[36mCart Load (0.3ms)[0m  [1m[34mSELECT "carts".* FROM "carts"[0m
  ↳ db/migrate/20180523101402_combine_items_in_cart.rb:5
  [1m[36mActiveRecord::SchemaMigration Create (0.4ms)[0m  [1m[32mINSERT INTO "schema_migrations" ("version") VALUES (?)[0m  [["version", "20180523101402"]]
  ↳ bin/rails:9
  [1m[35m (53.7ms)[0m  [1m[36mcommit transaction[0m
  ↳ bin/rails:9
  [1m[36mActiveRecord::InternalMetadata Load (0.4ms)[0m  [1m[34mSELECT  "ar_internal_metadata".* FROM "ar_internal_metadata" WHERE "ar_internal_metadata"."key" = ? LIMIT ?[0m  [["key", "environment"], ["LIMIT", 1]]
  ↳ bin/rails:9
  [1m[35m (0.1ms)[0m  [1m[36mbegin transaction[0m
  ↳ bin/rails:9
  [1m[35m (0.1ms)[0m  [1m[36mcommit transaction[0m
  ↳ bin/rails:9
  [1m[35m (0.3ms)[0m  [1m[34mSELECT "schema_migrations"."version" FROM "schema_migrations" ORDER BY "schema_migrations"."version" ASC[0m
  ↳ bin/rails:9
Started GET "/" for 127.0.0.1 at 2018-05-23 18:03:42 +0700
  [1m[35m (0.1ms)[0m  [1m[34mSELECT "schema_migrations"."version" FROM "schema_migrations" ORDER BY "schema_migrations"."version" ASC[0m
  ↳ /usr/share/rvm/gems/ruby-2.4.1/gems/activerecord-5.2.0/lib/active_record/log_subscriber.rb:98
Processing by StoreController#index as HTML
  Rendering store/index.html.erb within layouts/application
  [1m[36mProduct Load (0.1ms)[0m  [1m[34mSELECT "products".* FROM "products" ORDER BY "products"."title" ASC[0m
  ↳ app/views/store/index.html.erb:4
  Rendered store/index.html.erb within layouts/application (1.4ms)
Completed 200 OK in 367ms (Views: 359.4ms | ActiveRecord: 0.3ms)


Started GET "/products" for 127.0.0.1 at 2018-05-23 18:03:45 +0700
Processing by ProductsController#index as HTML
  Rendering products/index.html.erb within layouts/application
  [1m[36mProduct Load (0.1ms)[0m  [1m[34mSELECT "products".* FROM "products"[0m
  ↳ app/views/products/index.html.erb:7
  Rendered products/index.html.erb within layouts/application (1.2ms)
Completed 200 OK in 27ms (Views: 26.0ms | ActiveRecord: 0.1ms)


Started GET "/products/new" for 127.0.0.1 at 2018-05-23 18:03:46 +0700
Processing by ProductsController#new as HTML
  Rendering products/new.html.erb within layouts/application
  Rendered products/_form.html.erb (15.4ms)
  Rendered products/new.html.erb within layouts/application (17.3ms)
Completed 200 OK in 56ms (Views: 33.8ms | ActiveRecord: 1.2ms)


Started POST "/products" for 127.0.0.1 at 2018-05-23 18:04:19 +0700
Processing by ProductsController#create as HTML
  Parameters: {"utf8"=>"✓", "authenticity_token"=>"j254k6Ghj7D7j2HMtoN4LKRvqgRAUaQdl4y/5K2CjXiUBJDbuV6v1WZgBfPfUeycmvdbH6K4u+jn55g22RA0dg==", "product"=>{"title"=>"dsadawa", "description"=>"dasdawdas", "image_url"=>"tripleh.jpg", "price"=>"10000"}, "commit"=>"Create Product"}
  [1m[35m (0.0ms)[0m  [1m[36mbegin transaction[0m
  ↳ app/controllers/products_controller.rb:31
  [1m[36mProduct Exists (0.1ms)[0m  [1m[34mSELECT  1 AS one FROM "products" WHERE "products"."title" = ? LIMIT ?[0m  [["title", "dsadawa"], ["LIMIT", 1]]
  ↳ app/controllers/products_controller.rb:31
  [1m[36mProduct Create (0.1ms)[0m  [1m[32mINSERT INTO "products" ("title", "description", "image_url", "price", "created_at", "updated_at") VALUES (?, ?, ?, ?, ?, ?)[0m  [["title", "dsadawa"], ["description", "dasdawdas"], ["image_url", "tripleh.jpg"], ["price", 10000.0], ["created_at", "2018-05-23 11:04:19.302399"], ["updated_at", "2018-05-23 11:04:19.302399"]]
  ↳ app/controllers/products_controller.rb:31
  [1m[35m (183.1ms)[0m  [1m[36mcommit transaction[0m
  ↳ app/controllers/products_controller.rb:31
Redirected to http://localhost:3000/products/1
Completed 302 Found in 189ms (ActiveRecord: 183.4ms)


Started GET "/products/1" for 127.0.0.1 at 2018-05-23 18:04:19 +0700
Processing by ProductsController#show as HTML
  Parameters: {"id"=>"1"}
  [1m[36mProduct Load (0.5ms)[0m  [1m[34mSELECT  "products".* FROM "products" WHERE "products"."id" = ? LIMIT ?[0m  [["id", 1], ["LIMIT", 1]]
  ↳ app/controllers/products_controller.rb:68
  Rendering products/show.html.erb within layouts/application
  Rendered products/show.html.erb within layouts/application (2.6ms)
Completed 200 OK in 51ms (Views: 43.5ms | ActiveRecord: 0.5ms)


Started GET "/" for 127.0.0.1 at 2018-05-23 18:04:21 +0700
Processing by StoreController#index as HTML
  Rendering store/index.html.erb within layouts/application
  [1m[36mProduct Load (0.2ms)[0m  [1m[34mSELECT "products".* FROM "products" ORDER BY "products"."title" ASC[0m
  ↳ app/views/store/index.html.erb:4
  Rendered store/index.html.erb within layouts/application (6.9ms)
Completed 200 OK in 25ms (Views: 23.8ms | ActiveRecord: 0.2ms)


Started POST "/line_items?product_id=1" for 127.0.0.1 at 2018-05-23 18:04:24 +0700
Processing by LineItemsController#create as HTML
  Parameters: {"authenticity_token"=>"vEm4/UDKDFLkK047z4lcNQWjP67Lsu1WhtzrN9UoR9rImQ/mt7iUQ5jeF0tMza5IGPutrg7MWcW00CELIrXb8Q==", "product_id"=>"1"}
  [1m[35m (0.1ms)[0m  [1m[36mbegin transaction[0m
  ↳ app/controllers/concerns/current_cart.rb:7
  [1m[36mCart Create (0.1ms)[0m  [1m[32mINSERT INTO "carts" ("created_at", "updated_at") VALUES (?, ?)[0m  [["created_at", "2018-05-23 11:04:24.098664"], ["updated_at", "2018-05-23 11:04:24.098664"]]
  ↳ app/controllers/concerns/current_cart.rb:7
  [1m[35m (92.4ms)[0m  [1m[36mcommit transaction[0m
  ↳ app/controllers/concerns/current_cart.rb:7
  [1m[36mProduct Load (0.4ms)[0m  [1m[34mSELECT  "products".* FROM "products" WHERE "products"."id" = ? LIMIT ?[0m  [["id", 1], ["LIMIT", 1]]
  ↳ app/controllers/line_items_controller.rb:29
  [1m[36mLineItem Load (0.2ms)[0m  [1m[34mSELECT  "line_items".* FROM "line_items" WHERE "line_items"."cart_id" = ? AND "line_items"."product_id" = ? LIMIT ?[0m  [["cart_id", 1], ["product_id", 1], ["LIMIT", 1]]
  ↳ app/models/cart.rb:5
  [1m[35m (0.1ms)[0m  [1m[36mbegin transaction[0m
  ↳ app/controllers/line_items_controller.rb:33
  [1m[36mProduct Load (0.1ms)[0m  [1m[34mSELECT  "products".* FROM "products" WHERE "products"."id" = ? LIMIT ?[0m  [["id", 1], ["LIMIT", 1]]
  ↳ app/controllers/line_items_controller.rb:33
  [1m[36mLineItem Create (0.2ms)[0m  [1m[32mINSERT INTO "line_items" ("product_id", "cart_id", "created_at", "updated_at") VALUES (?, ?, ?, ?)[0m  [["product_id", 1], ["cart_id", 1], ["created_at", "2018-05-23 11:04:24.250267"], ["updated_at", "2018-05-23 11:04:24.250267"]]
  ↳ app/controllers/line_items_controller.rb:33
  [1m[35m (57.7ms)[0m  [1m[36mcommit transaction[0m
  ↳ app/controllers/line_items_controller.rb:33
Redirected to http://localhost:3000/carts/1
Completed 302 Found in 226ms (ActiveRecord: 152.9ms)


Started GET "/carts/1" for 127.0.0.1 at 2018-05-23 18:04:24 +0700
Processing by CartsController#show as HTML
  Parameters: {"id"=>"1"}
  [1m[36mCart Load (0.2ms)[0m  [1m[34mSELECT  "carts".* FROM "carts" WHERE "carts"."id" = ? LIMIT ?[0m  [["id", 1], ["LIMIT", 1]]
  ↳ app/controllers/carts_controller.rb:67
  Rendering carts/show.html.erb within layouts/application
  [1m[36mLineItem Load (0.2ms)[0m  [1m[34mSELECT "line_items".* FROM "line_items" WHERE "line_items"."cart_id" = ?[0m  [["cart_id", 1]]
  ↳ app/views/carts/show.html.erb:4
  [1m[36mProduct Load (0.2ms)[0m  [1m[34mSELECT  "products".* FROM "products" WHERE "products"."id" = ? LIMIT ?[0m  [["id", 1], ["LIMIT", 1]]
  ↳ app/views/carts/show.html.erb:5
  Rendered carts/show.html.erb within layouts/application (3.4ms)
Completed 200 OK in 21ms (Views: 18.1ms | ActiveRecord: 0.6ms)


Started GET "/" for 127.0.0.1 at 2018-05-23 18:04:25 +0700
Processing by StoreController#index as HTML
  Rendering store/index.html.erb within layouts/application
  [1m[36mProduct Load (0.4ms)[0m  [1m[34mSELECT "products".* FROM "products" ORDER BY "products"."title" ASC[0m
  ↳ app/views/store/index.html.erb:4
  Rendered store/index.html.erb within layouts/application (7.7ms)
Completed 200 OK in 42ms (Views: 38.9ms | ActiveRecord: 0.4ms)


Started POST "/line_items?product_id=1" for 127.0.0.1 at 2018-05-23 18:04:26 +0700
Processing by LineItemsController#create as HTML
  Parameters: {"authenticity_token"=>"CQII2Q+FL2u5ufrwkdspLnUWo18SHA0LcTfmIVb5wsh90r/C+Pe3esVMo4ASn9tTaE4xX9diuZhDOywdoWRe4w==", "product_id"=>"1"}
  [1m[36mCart Load (0.3ms)[0m  [1m[34mSELECT  "carts".* FROM "carts" WHERE "carts"."id" = ? LIMIT ?[0m  [["id", 1], ["LIMIT", 1]]
  ↳ app/controllers/concerns/current_cart.rb:5
  [1m[36mProduct Load (0.2ms)[0m  [1m[34mSELECT  "products".* FROM "products" WHERE "products"."id" = ? LIMIT ?[0m  [["id", 1], ["LIMIT", 1]]
  ↳ app/controllers/line_items_controller.rb:29
  [1m[36mLineItem Load (0.6ms)[0m  [1m[34mSELECT  "line_items".* FROM "line_items" WHERE "line_items"."cart_id" = ? AND "line_items"."product_id" = ? LIMIT ?[0m  [["cart_id", 1], ["product_id", 1], ["LIMIT", 1]]
  ↳ app/models/cart.rb:5
  [1m[35m (0.1ms)[0m  [1m[36mbegin transaction[0m
  ↳ app/controllers/line_items_controller.rb:33
  [1m[36mProduct Load (0.3ms)[0m  [1m[34mSELECT  "products".* FROM "products" WHERE "products"."id" = ? LIMIT ?[0m  [["id", 1], ["LIMIT", 1]]
  ↳ app/controllers/line_items_controller.rb:33
  [1m[36mLineItem Update (1.4ms)[0m  [1m[33mUPDATE "line_items" SET "quantity" = ?, "updated_at" = ? WHERE "line_items"."id" = ?[0m  [["quantity", 2], ["updated_at", "2018-05-23 11:04:26.466181"], ["id", 1]]
  ↳ app/controllers/line_items_controller.rb:33
  [1m[35m (80.4ms)[0m  [1m[36mcommit transaction[0m
  ↳ app/controllers/line_items_controller.rb:33
Redirected to http://localhost:3000/carts/1
Completed 302 Found in 101ms (ActiveRecord: 83.4ms)


Started GET "/carts/1" for 127.0.0.1 at 2018-05-23 18:04:26 +0700
Processing by CartsController#show as HTML
  Parameters: {"id"=>"1"}
  [1m[36mCart Load (0.3ms)[0m  [1m[34mSELECT  "carts".* FROM "carts" WHERE "carts"."id" = ? LIMIT ?[0m  [["id", 1], ["LIMIT", 1]]
  ↳ app/controllers/carts_controller.rb:67
  Rendering carts/show.html.erb within layouts/application
  [1m[36mLineItem Load (0.3ms)[0m  [1m[34mSELECT "line_items".* FROM "line_items" WHERE "line_items"."cart_id" = ?[0m  [["cart_id", 1]]
  ↳ app/views/carts/show.html.erb:4
  [1m[36mProduct Load (0.3ms)[0m  [1m[34mSELECT  "products".* FROM "products" WHERE "products"."id" = ? LIMIT ?[0m  [["id", 1], ["LIMIT", 1]]
  ↳ app/views/carts/show.html.erb:5
  Rendered carts/show.html.erb within layouts/application (7.3ms)
Completed 200 OK in 43ms (Views: 38.1ms | ActiveRecord: 0.9ms)


Started GET "/" for 127.0.0.1 at 2018-05-23 18:04:31 +0700
Processing by StoreController#index as HTML
  Rendering store/index.html.erb within layouts/application
  [1m[36mProduct Load (0.1ms)[0m  [1m[34mSELECT "products".* FROM "products" ORDER BY "products"."title" ASC[0m
  ↳ app/views/store/index.html.erb:4
  Rendered store/index.html.erb within layouts/application (2.4ms)
Completed 200 OK in 16ms (Views: 15.3ms | ActiveRecord: 0.1ms)


